<html>
<head>
<title>TestNG:  Test2</title>
<link href="../testng.css" rel="stylesheet" type="text/css" />
<link href="../my-testng.css" rel="stylesheet" type="text/css" />

<style type="text/css">
.log { display: none;} 
.stack-trace { display: none;} 
</style>
<script type="text/javascript">
<!--
function flip(e) {
  current = e.style.display;
  if (current == 'block') {
    e.style.display = 'none';
    return 0;
  }
  else {
    e.style.display = 'block';
    return 1;
  }
}

function toggleBox(szDivId, elem, msg1, msg2)
{
  var res = -1;  if (document.getElementById) {
    res = flip(document.getElementById(szDivId));
  }
  else if (document.all) {
    // this is the way old msie versions work
    res = flip(document.all[szDivId]);
  }
  if(elem) {
    if(res == 0) elem.innerHTML = msg1; else elem.innerHTML = msg2;
  }

}

function toggleAllBoxes() {
  if (document.getElementsByTagName) {
    d = document.getElementsByTagName('div');
    for (i = 0; i < d.length; i++) {
      if (d[i].className == 'log') {
        flip(d[i]);
      }
    }
  }
}

// -->
</script>

</head>
<body>
<h2 align='center'>Test2</h2><table border='1' align="center">
<tr>
<td>Tests passed/Failed/Skipped:</td><td>12/0/0</td>
</tr><tr>
<td>Started on:</td><td>Tue Feb 28 12:24:15 IST 2023</td>
</tr>
<tr><td>Total time:</td><td>165 seconds (165990 ms)</td>
</tr><tr>
<td>Included groups:</td><td></td>
</tr><tr>
<td>Excluded groups:</td><td></td>
</tr>
</table><p/>
<small><i>(Hover the method name to see the test class name)</i></small><p/>
<table width='100%' border='1' class='invocation-failed'>
<tr><td colspan='4' align='center'><b>FAILED CONFIGURATIONS</b></td></tr>
<tr><td><b>Test method</b></td>
<td width="30%"><b>Exception</b></td>
<td width="10%"><b>Time (seconds)</b></td>
<td><b>Instance</b></td>
</tr>
<tr>
<td title='com.BStore.testcases.TC_VerifySignupAndLoginTest.tearDown()'><b>tearDown</b><br>Test class: com.BStore.testcases.TC_VerifySignupAndLoginTest</td>
<td><div><pre>org.openqa.selenium.remote.http.ConnectionFailedException: Unable to establish websocket connection to http://127.0.0.1:59085/devtools/browser/2de96564-8cfe-479c-ad28-8ca0612fc741
Build info: version: &apos;4.1.1&apos;, revision: &apos;e8fcc2cecf&apos;
System info: host: &apos;BELONGS-TO-A-GE&apos;, ip: &apos;192.168.1.55&apos;, os.name: &apos;Windows 11&apos;, os.arch: &apos;amd64&apos;, os.version: &apos;10.0&apos;, java.version: &apos;19&apos;
Driver info: driver.version: RemoteWebDriver
	at org.openqa.selenium.remote.http.netty.NettyWebSocket.&lt;init&gt;(NettyWebSocket.java:104)
	at org.openqa.selenium.remote.http.netty.NettyWebSocket.lambda$create$3(NettyWebSocket.java:137)
	at org.openqa.selenium.remote.http.netty.NettyClient.openSocket(NettyClient.java:118)
	at org.openqa.selenium.devtools.Connection.&lt;init&gt;(Connection.java:77)
	at org.openqa.selenium.firefox.FirefoxDriver.maybeGetDevTools(FirefoxDriver.java:366)
	at org.openqa.selenium.remote.RemoteWebDriver.close(RemoteWebDriver.java:425)
	at com.BStore.testcases.BaseClass.tearDown(BaseClass.java:112)
	at java.base/java.util.ArrayList.forEach(ArrayList.java:1511)
	at java.base/java.util.concurrent.FutureTask.run(FutureTask.java:317)
	at java.base/java.util.concurrent.ThreadPoolExecutor.runWorker(ThreadPoolExecutor.java:1144)
	at java.base/java.util.concurrent.ThreadPoolExecutor$Worker.run(ThreadPoolExecutor.java:642)
	at java.base/java.lang.Thread.run(Thread.java:1589)
... Removed 14 stack frames</pre></div><a href='#' onClick='toggleBox("stack-trace1397725517", this, "Click to show all stack frames", "Click to hide stack frames")'>Click to show all stack frames</a>
<div class='stack-trace' id='stack-trace1397725517'><pre>org.openqa.selenium.remote.http.ConnectionFailedException: Unable to establish websocket connection to http://127.0.0.1:59085/devtools/browser/2de96564-8cfe-479c-ad28-8ca0612fc741
Build info: version: &apos;4.1.1&apos;, revision: &apos;e8fcc2cecf&apos;
System info: host: &apos;BELONGS-TO-A-GE&apos;, ip: &apos;192.168.1.55&apos;, os.name: &apos;Windows 11&apos;, os.arch: &apos;amd64&apos;, os.version: &apos;10.0&apos;, java.version: &apos;19&apos;
Driver info: driver.version: RemoteWebDriver
	at org.openqa.selenium.remote.http.netty.NettyWebSocket.&lt;init&gt;(NettyWebSocket.java:104)
	at org.openqa.selenium.remote.http.netty.NettyWebSocket.lambda$create$3(NettyWebSocket.java:137)
	at org.openqa.selenium.remote.http.netty.NettyClient.openSocket(NettyClient.java:118)
	at org.openqa.selenium.devtools.Connection.&lt;init&gt;(Connection.java:77)
	at org.openqa.selenium.firefox.FirefoxDriver.maybeGetDevTools(FirefoxDriver.java:366)
	at org.openqa.selenium.remote.RemoteWebDriver.close(RemoteWebDriver.java:425)
	at com.BStore.testcases.BaseClass.tearDown(BaseClass.java:112)
	at java.base/jdk.internal.reflect.DirectMethodHandleAccessor.invoke(DirectMethodHandleAccessor.java:104)
	at java.base/java.lang.reflect.Method.invoke(Method.java:578)
	at org.testng.internal.MethodInvocationHelper.invokeMethod(MethodInvocationHelper.java:133)
	at org.testng.internal.MethodInvocationHelper.invokeMethodConsideringTimeout(MethodInvocationHelper.java:62)
	at org.testng.internal.ConfigInvoker.invokeConfigurationMethod(ConfigInvoker.java:385)
	at org.testng.internal.ConfigInvoker.invokeConfigurations(ConfigInvoker.java:321)
	at org.testng.internal.TestMethodWorker.invokeAfterClassMethods(TestMethodWorker.java:217)
	at org.testng.internal.TestMethodWorker.run(TestMethodWorker.java:130)
	at java.base/java.util.ArrayList.forEach(ArrayList.java:1511)
	at org.testng.TestRunner.privateRun(TestRunner.java:794)
	at org.testng.TestRunner.run(TestRunner.java:596)
	at org.testng.SuiteRunner.runTest(SuiteRunner.java:377)
	at org.testng.SuiteRunner.access$000(SuiteRunner.java:28)
	at org.testng.SuiteRunner$SuiteWorker.run(SuiteRunner.java:418)
	at org.testng.internal.thread.ThreadUtil.lambda$execute$0(ThreadUtil.java:64)
	at java.base/java.util.concurrent.FutureTask.run(FutureTask.java:317)
	at java.base/java.util.concurrent.ThreadPoolExecutor.runWorker(ThreadPoolExecutor.java:1144)
	at java.base/java.util.concurrent.ThreadPoolExecutor$Worker.run(ThreadPoolExecutor.java:642)
	at java.base/java.lang.Thread.run(Thread.java:1589)
</pre></div></td>
<td>0</td>
<td>com.BStore.testcases.TC_VerifySignupAndLoginTest@2a4fb17b</td></tr>
<tr>
<td title='com.BStore.testcases.TC_VerifyOrderAllTypeGadgets.tearDown()'><b>tearDown</b><br>Test class: com.BStore.testcases.TC_VerifyOrderAllTypeGadgets</td>
<td><div><pre>org.openqa.selenium.remote.http.ConnectionFailedException: Unable to establish websocket connection to http://127.0.0.1:53889/devtools/browser/79cb7fbb-b9b0-4f48-98b5-f612521a1518
Build info: version: &apos;4.1.1&apos;, revision: &apos;e8fcc2cecf&apos;
System info: host: &apos;BELONGS-TO-A-GE&apos;, ip: &apos;192.168.1.55&apos;, os.name: &apos;Windows 11&apos;, os.arch: &apos;amd64&apos;, os.version: &apos;10.0&apos;, java.version: &apos;19&apos;
Driver info: driver.version: RemoteWebDriver
	at org.openqa.selenium.remote.http.netty.NettyWebSocket.&lt;init&gt;(NettyWebSocket.java:104)
	at org.openqa.selenium.remote.http.netty.NettyWebSocket.lambda$create$3(NettyWebSocket.java:137)
	at org.openqa.selenium.remote.http.netty.NettyClient.openSocket(NettyClient.java:118)
	at org.openqa.selenium.devtools.Connection.&lt;init&gt;(Connection.java:77)
	at org.openqa.selenium.firefox.FirefoxDriver.maybeGetDevTools(FirefoxDriver.java:366)
	at org.openqa.selenium.remote.RemoteWebDriver.close(RemoteWebDriver.java:425)
	at com.BStore.testcases.BaseClass.tearDown(BaseClass.java:112)
	at java.base/java.util.ArrayList.forEach(ArrayList.java:1511)
	at java.base/java.util.concurrent.FutureTask.run(FutureTask.java:317)
	at java.base/java.util.concurrent.ThreadPoolExecutor.runWorker(ThreadPoolExecutor.java:1144)
	at java.base/java.util.concurrent.ThreadPoolExecutor$Worker.run(ThreadPoolExecutor.java:642)
	at java.base/java.lang.Thread.run(Thread.java:1589)
... Removed 14 stack frames</pre></div><a href='#' onClick='toggleBox("stack-trace644361051", this, "Click to show all stack frames", "Click to hide stack frames")'>Click to show all stack frames</a>
<div class='stack-trace' id='stack-trace644361051'><pre>org.openqa.selenium.remote.http.ConnectionFailedException: Unable to establish websocket connection to http://127.0.0.1:53889/devtools/browser/79cb7fbb-b9b0-4f48-98b5-f612521a1518
Build info: version: &apos;4.1.1&apos;, revision: &apos;e8fcc2cecf&apos;
System info: host: &apos;BELONGS-TO-A-GE&apos;, ip: &apos;192.168.1.55&apos;, os.name: &apos;Windows 11&apos;, os.arch: &apos;amd64&apos;, os.version: &apos;10.0&apos;, java.version: &apos;19&apos;
Driver info: driver.version: RemoteWebDriver
	at org.openqa.selenium.remote.http.netty.NettyWebSocket.&lt;init&gt;(NettyWebSocket.java:104)
	at org.openqa.selenium.remote.http.netty.NettyWebSocket.lambda$create$3(NettyWebSocket.java:137)
	at org.openqa.selenium.remote.http.netty.NettyClient.openSocket(NettyClient.java:118)
	at org.openqa.selenium.devtools.Connection.&lt;init&gt;(Connection.java:77)
	at org.openqa.selenium.firefox.FirefoxDriver.maybeGetDevTools(FirefoxDriver.java:366)
	at org.openqa.selenium.remote.RemoteWebDriver.close(RemoteWebDriver.java:425)
	at com.BStore.testcases.BaseClass.tearDown(BaseClass.java:112)
	at java.base/jdk.internal.reflect.DirectMethodHandleAccessor.invoke(DirectMethodHandleAccessor.java:104)
	at java.base/java.lang.reflect.Method.invoke(Method.java:578)
	at org.testng.internal.MethodInvocationHelper.invokeMethod(MethodInvocationHelper.java:133)
	at org.testng.internal.MethodInvocationHelper.invokeMethodConsideringTimeout(MethodInvocationHelper.java:62)
	at org.testng.internal.ConfigInvoker.invokeConfigurationMethod(ConfigInvoker.java:385)
	at org.testng.internal.ConfigInvoker.invokeConfigurations(ConfigInvoker.java:321)
	at org.testng.internal.TestMethodWorker.invokeAfterClassMethods(TestMethodWorker.java:217)
	at org.testng.internal.TestMethodWorker.run(TestMethodWorker.java:130)
	at java.base/java.util.ArrayList.forEach(ArrayList.java:1511)
	at org.testng.TestRunner.privateRun(TestRunner.java:794)
	at org.testng.TestRunner.run(TestRunner.java:596)
	at org.testng.SuiteRunner.runTest(SuiteRunner.java:377)
	at org.testng.SuiteRunner.access$000(SuiteRunner.java:28)
	at org.testng.SuiteRunner$SuiteWorker.run(SuiteRunner.java:418)
	at org.testng.internal.thread.ThreadUtil.lambda$execute$0(ThreadUtil.java:64)
	at java.base/java.util.concurrent.FutureTask.run(FutureTask.java:317)
	at java.base/java.util.concurrent.ThreadPoolExecutor.runWorker(ThreadPoolExecutor.java:1144)
	at java.base/java.util.concurrent.ThreadPoolExecutor$Worker.run(ThreadPoolExecutor.java:642)
	at java.base/java.lang.Thread.run(Thread.java:1589)
</pre></div></td>
<td>0</td>
<td>com.BStore.testcases.TC_VerifyOrderAllTypeGadgets@5c6648b0</td></tr>
<tr>
<td title='com.BStore.testcases.TC_VerifyLoginDataDriven.tearDown()'><b>tearDown</b><br>Test class: com.BStore.testcases.TC_VerifyLoginDataDriven</td>
<td><div><pre>org.openqa.selenium.remote.http.ConnectionFailedException: Unable to establish websocket connection to http://127.0.0.1:52407/devtools/browser/cd9034a0-6bd3-4e79-a269-91d2fec1ac79
Build info: version: &apos;4.1.1&apos;, revision: &apos;e8fcc2cecf&apos;
System info: host: &apos;BELONGS-TO-A-GE&apos;, ip: &apos;192.168.1.55&apos;, os.name: &apos;Windows 11&apos;, os.arch: &apos;amd64&apos;, os.version: &apos;10.0&apos;, java.version: &apos;19&apos;
Driver info: driver.version: RemoteWebDriver
	at org.openqa.selenium.remote.http.netty.NettyWebSocket.&lt;init&gt;(NettyWebSocket.java:104)
	at org.openqa.selenium.remote.http.netty.NettyWebSocket.lambda$create$3(NettyWebSocket.java:137)
	at org.openqa.selenium.remote.http.netty.NettyClient.openSocket(NettyClient.java:118)
	at org.openqa.selenium.devtools.Connection.&lt;init&gt;(Connection.java:77)
	at org.openqa.selenium.firefox.FirefoxDriver.maybeGetDevTools(FirefoxDriver.java:366)
	at org.openqa.selenium.remote.RemoteWebDriver.close(RemoteWebDriver.java:425)
	at com.BStore.testcases.BaseClass.tearDown(BaseClass.java:112)
	at java.base/java.util.ArrayList.forEach(ArrayList.java:1511)
	at java.base/java.util.concurrent.FutureTask.run(FutureTask.java:317)
	at java.base/java.util.concurrent.ThreadPoolExecutor.runWorker(ThreadPoolExecutor.java:1144)
	at java.base/java.util.concurrent.ThreadPoolExecutor$Worker.run(ThreadPoolExecutor.java:642)
	at java.base/java.lang.Thread.run(Thread.java:1589)
... Removed 14 stack frames</pre></div><a href='#' onClick='toggleBox("stack-trace374015045", this, "Click to show all stack frames", "Click to hide stack frames")'>Click to show all stack frames</a>
<div class='stack-trace' id='stack-trace374015045'><pre>org.openqa.selenium.remote.http.ConnectionFailedException: Unable to establish websocket connection to http://127.0.0.1:52407/devtools/browser/cd9034a0-6bd3-4e79-a269-91d2fec1ac79
Build info: version: &apos;4.1.1&apos;, revision: &apos;e8fcc2cecf&apos;
System info: host: &apos;BELONGS-TO-A-GE&apos;, ip: &apos;192.168.1.55&apos;, os.name: &apos;Windows 11&apos;, os.arch: &apos;amd64&apos;, os.version: &apos;10.0&apos;, java.version: &apos;19&apos;
Driver info: driver.version: RemoteWebDriver
	at org.openqa.selenium.remote.http.netty.NettyWebSocket.&lt;init&gt;(NettyWebSocket.java:104)
	at org.openqa.selenium.remote.http.netty.NettyWebSocket.lambda$create$3(NettyWebSocket.java:137)
	at org.openqa.selenium.remote.http.netty.NettyClient.openSocket(NettyClient.java:118)
	at org.openqa.selenium.devtools.Connection.&lt;init&gt;(Connection.java:77)
	at org.openqa.selenium.firefox.FirefoxDriver.maybeGetDevTools(FirefoxDriver.java:366)
	at org.openqa.selenium.remote.RemoteWebDriver.close(RemoteWebDriver.java:425)
	at com.BStore.testcases.BaseClass.tearDown(BaseClass.java:112)
	at java.base/jdk.internal.reflect.DirectMethodHandleAccessor.invoke(DirectMethodHandleAccessor.java:104)
	at java.base/java.lang.reflect.Method.invoke(Method.java:578)
	at org.testng.internal.MethodInvocationHelper.invokeMethod(MethodInvocationHelper.java:133)
	at org.testng.internal.MethodInvocationHelper.invokeMethodConsideringTimeout(MethodInvocationHelper.java:62)
	at org.testng.internal.ConfigInvoker.invokeConfigurationMethod(ConfigInvoker.java:385)
	at org.testng.internal.ConfigInvoker.invokeConfigurations(ConfigInvoker.java:321)
	at org.testng.internal.TestMethodWorker.invokeAfterClassMethods(TestMethodWorker.java:217)
	at org.testng.internal.TestMethodWorker.run(TestMethodWorker.java:130)
	at java.base/java.util.ArrayList.forEach(ArrayList.java:1511)
	at org.testng.TestRunner.privateRun(TestRunner.java:794)
	at org.testng.TestRunner.run(TestRunner.java:596)
	at org.testng.SuiteRunner.runTest(SuiteRunner.java:377)
	at org.testng.SuiteRunner.access$000(SuiteRunner.java:28)
	at org.testng.SuiteRunner$SuiteWorker.run(SuiteRunner.java:418)
	at org.testng.internal.thread.ThreadUtil.lambda$execute$0(ThreadUtil.java:64)
	at java.base/java.util.concurrent.FutureTask.run(FutureTask.java:317)
	at java.base/java.util.concurrent.ThreadPoolExecutor.runWorker(ThreadPoolExecutor.java:1144)
	at java.base/java.util.concurrent.ThreadPoolExecutor$Worker.run(ThreadPoolExecutor.java:642)
	at java.base/java.lang.Thread.run(Thread.java:1589)
</pre></div></td>
<td>0</td>
<td>com.BStore.testcases.TC_VerifyLoginDataDriven@6f1de4c7</td></tr>
</table><p>
<table width='100%' border='1' class='invocation-passed'>
<tr><td colspan='4' align='center'><b>PASSED TESTS</b></td></tr>
<tr><td><b>Test method</b></td>
<td width="30%"><b>Exception</b></td>
<td width="10%"><b>Time (seconds)</b></td>
<td><b>Instance</b></td>
</tr>
<tr>
<td title='com.BStore.testcases.TC_VerifyLoginDataDriven.Verifylogin_DataDriven()'><b>Verifylogin_DataDriven</b><br>Test class: com.BStore.testcases.TC_VerifyLoginDataDriven<br>Parameters: TestUser157, admin6, Welcome TestUser157</td>
<td></td>
<td>10</td>
<td>com.BStore.testcases.TC_VerifyLoginDataDriven@6f1de4c7</td></tr>
<tr>
<td title='com.BStore.testcases.TC_VerifyLoginDataDriven.Verifylogin_DataDriven()'><b>Verifylogin_DataDriven</b><br>Test class: com.BStore.testcases.TC_VerifyLoginDataDriven<br>Parameters: TestUser155, admin4, Welcome TestUser155</td>
<td></td>
<td>10</td>
<td>com.BStore.testcases.TC_VerifyLoginDataDriven@6f1de4c7</td></tr>
<tr>
<td title='com.BStore.testcases.TC_VerifyLoginDataDriven.Verifylogin_DataDriven()'><b>Verifylogin_DataDriven</b><br>Test class: com.BStore.testcases.TC_VerifyLoginDataDriven<br>Parameters: TestUser153, admin2, Welcome TestUser153</td>
<td></td>
<td>10</td>
<td>com.BStore.testcases.TC_VerifyLoginDataDriven@6f1de4c7</td></tr>
<tr>
<td title='com.BStore.testcases.TC_VerifyLoginDataDriven.Verifylogin_DataDriven()'><b>Verifylogin_DataDriven</b><br>Test class: com.BStore.testcases.TC_VerifyLoginDataDriven<br>Parameters: TestUser161, admin10, Welcome TestUser161</td>
<td></td>
<td>10</td>
<td>com.BStore.testcases.TC_VerifyLoginDataDriven@6f1de4c7</td></tr>
<tr>
<td title='com.BStore.testcases.TC_VerifyLoginDataDriven.Verifylogin_DataDriven()'><b>Verifylogin_DataDriven</b><br>Test class: com.BStore.testcases.TC_VerifyLoginDataDriven<br>Parameters: TestUser159, admin8, Welcome TestUser159</td>
<td></td>
<td>10</td>
<td>com.BStore.testcases.TC_VerifyLoginDataDriven@6f1de4c7</td></tr>
<tr>
<td title='com.BStore.testcases.TC_VerifySignupAndLoginTest.Verifylogin()'><b>Verifylogin</b><br>Test class: com.BStore.testcases.TC_VerifySignupAndLoginTest</td>
<td></td>
<td>7</td>
<td>com.BStore.testcases.TC_VerifySignupAndLoginTest@2a4fb17b</td></tr>
<tr>
<td title='com.BStore.testcases.TC_VerifyLoginDataDriven.Verifylogin_DataDriven()'><b>Verifylogin_DataDriven</b><br>Test class: com.BStore.testcases.TC_VerifyLoginDataDriven<br>Parameters: TestUser160, admin9, Welcome TestUser160</td>
<td></td>
<td>10</td>
<td>com.BStore.testcases.TC_VerifyLoginDataDriven@6f1de4c7</td></tr>
<tr>
<td title='com.BStore.testcases.TC_VerifyLoginDataDriven.Verifylogin_DataDriven()'><b>Verifylogin_DataDriven</b><br>Test class: com.BStore.testcases.TC_VerifyLoginDataDriven<br>Parameters: TestUser156, admin5, Welcome TestUser156</td>
<td></td>
<td>10</td>
<td>com.BStore.testcases.TC_VerifyLoginDataDriven@6f1de4c7</td></tr>
<tr>
<td title='com.BStore.testcases.TC_VerifyLoginDataDriven.Verifylogin_DataDriven()'><b>Verifylogin_DataDriven</b><br>Test class: com.BStore.testcases.TC_VerifyLoginDataDriven<br>Parameters: TestUser152, admin1, Welcome TestUser152</td>
<td></td>
<td>10</td>
<td>com.BStore.testcases.TC_VerifyLoginDataDriven@6f1de4c7</td></tr>
<tr>
<td title='com.BStore.testcases.TC_VerifyLoginDataDriven.Verifylogin_DataDriven()'><b>Verifylogin_DataDriven</b><br>Test class: com.BStore.testcases.TC_VerifyLoginDataDriven<br>Parameters: TestUser154, admin3, Welcome TestUser154</td>
<td></td>
<td>10</td>
<td>com.BStore.testcases.TC_VerifyLoginDataDriven@6f1de4c7</td></tr>
<tr>
<td title='com.BStore.testcases.TC_VerifyLoginDataDriven.Verifylogin_DataDriven()'><b>Verifylogin_DataDriven</b><br>Test class: com.BStore.testcases.TC_VerifyLoginDataDriven<br>Parameters: TestUser158, admin7, Welcome TestUser158</td>
<td></td>
<td>10</td>
<td>com.BStore.testcases.TC_VerifyLoginDataDriven@6f1de4c7</td></tr>
<tr>
<td title='com.BStore.testcases.TC_VerifyOrderAllTypeGadgets.orderPhones()'><b>orderPhones</b><br>Test class: com.BStore.testcases.TC_VerifyOrderAllTypeGadgets</td>
<td></td>
<td>17</td>
<td>com.BStore.testcases.TC_VerifyOrderAllTypeGadgets@5c6648b0</td></tr>
</table><p>
</body>
</html>