<?xml version="1.0" encoding="UTF-8"?>
<!-- Generated by org.testng.reporters.JUnitXMLReporter -->
<testsuite ignored="2" hostname="belongs-to-a-genius" failures="0" tests="12" name="Test2" time="165.99" errors="0" timestamp="2023-02-28T12:27:01 IST">
  <testcase classname="com.BStore.testcases.BaseClass" name="@AfterClass tearDown" time="0.076">
    <failure type="org.openqa.selenium.remote.http.ConnectionFailedException" message="Unable to establish websocket connection to http://127.0.0.1:59085/devtools/browser/2de96564-8cfe-479c-ad28-8ca0612fc741
Build info: version: &amp;apos;4.1.1&amp;apos;, revision: &amp;apos;e8fcc2cecf&amp;apos;
System info: host: &amp;apos;BELONGS-TO-A-GE&amp;apos;, ip: &amp;apos;192.168.1.55&amp;apos;, os.name: &amp;apos;Windows 11&amp;apos;, os.arch: &amp;apos;amd64&amp;apos;, os.version: &amp;apos;10.0&amp;apos;, java.version: &amp;apos;19&amp;apos;
Driver info: driver.version: RemoteWebDriver">
      <![CDATA[org.openqa.selenium.remote.http.ConnectionFailedException: Unable to establish websocket connection to http://127.0.0.1:59085/devtools/browser/2de96564-8cfe-479c-ad28-8ca0612fc741
Build info: version: '4.1.1', revision: 'e8fcc2cecf'
System info: host: 'BELONGS-TO-A-GE', ip: '192.168.1.55', os.name: 'Windows 11', os.arch: 'amd64', os.version: '10.0', java.version: '19'
Driver info: driver.version: RemoteWebDriver
at org.openqa.selenium.remote.http.netty.NettyWebSocket.<init>(NettyWebSocket.java:104)
at org.openqa.selenium.remote.http.netty.NettyWebSocket.lambda$create$3(NettyWebSocket.java:137)
at org.openqa.selenium.remote.http.netty.NettyClient.openSocket(NettyClient.java:118)
at org.openqa.selenium.devtools.Connection.<init>(Connection.java:77)
at org.openqa.selenium.firefox.FirefoxDriver.maybeGetDevTools(FirefoxDriver.java:366)
at org.openqa.selenium.remote.RemoteWebDriver.close(RemoteWebDriver.java:425)
at com.BStore.testcases.BaseClass.tearDown(BaseClass.java:112)
at java.base/java.util.ArrayList.forEach(ArrayList.java:1511)
at java.base/java.util.concurrent.FutureTask.run(FutureTask.java:317)
at java.base/java.util.concurrent.ThreadPoolExecutor.runWorker(ThreadPoolExecutor.java:1144)
at java.base/java.util.concurrent.ThreadPoolExecutor$Worker.run(ThreadPoolExecutor.java:642)
at java.base/java.lang.Thread.run(Thread.java:1589)
... Removed 14 stack frames]]>
    </failure>
  </testcase> <!-- @AfterClass tearDown -->
  <testcase classname="com.BStore.testcases.BaseClass" name="@AfterClass tearDown" time="0.019">
    <failure type="org.openqa.selenium.remote.http.ConnectionFailedException" message="Unable to establish websocket connection to http://127.0.0.1:53889/devtools/browser/79cb7fbb-b9b0-4f48-98b5-f612521a1518
Build info: version: &amp;apos;4.1.1&amp;apos;, revision: &amp;apos;e8fcc2cecf&amp;apos;
System info: host: &amp;apos;BELONGS-TO-A-GE&amp;apos;, ip: &amp;apos;192.168.1.55&amp;apos;, os.name: &amp;apos;Windows 11&amp;apos;, os.arch: &amp;apos;amd64&amp;apos;, os.version: &amp;apos;10.0&amp;apos;, java.version: &amp;apos;19&amp;apos;
Driver info: driver.version: RemoteWebDriver">
      <![CDATA[org.openqa.selenium.remote.http.ConnectionFailedException: Unable to establish websocket connection to http://127.0.0.1:53889/devtools/browser/79cb7fbb-b9b0-4f48-98b5-f612521a1518
Build info: version: '4.1.1', revision: 'e8fcc2cecf'
System info: host: 'BELONGS-TO-A-GE', ip: '192.168.1.55', os.name: 'Windows 11', os.arch: 'amd64', os.version: '10.0', java.version: '19'
Driver info: driver.version: RemoteWebDriver
at org.openqa.selenium.remote.http.netty.NettyWebSocket.<init>(NettyWebSocket.java:104)
at org.openqa.selenium.remote.http.netty.NettyWebSocket.lambda$create$3(NettyWebSocket.java:137)
at org.openqa.selenium.remote.http.netty.NettyClient.openSocket(NettyClient.java:118)
at org.openqa.selenium.devtools.Connection.<init>(Connection.java:77)
at org.openqa.selenium.firefox.FirefoxDriver.maybeGetDevTools(FirefoxDriver.java:366)
at org.openqa.selenium.remote.RemoteWebDriver.close(RemoteWebDriver.java:425)
at com.BStore.testcases.BaseClass.tearDown(BaseClass.java:112)
at java.base/java.util.ArrayList.forEach(ArrayList.java:1511)
at java.base/java.util.concurrent.FutureTask.run(FutureTask.java:317)
at java.base/java.util.concurrent.ThreadPoolExecutor.runWorker(ThreadPoolExecutor.java:1144)
at java.base/java.util.concurrent.ThreadPoolExecutor$Worker.run(ThreadPoolExecutor.java:642)
at java.base/java.lang.Thread.run(Thread.java:1589)
... Removed 14 stack frames]]>
    </failure>
  </testcase> <!-- @AfterClass tearDown -->
  <testcase classname="com.BStore.testcases.BaseClass" name="@AfterClass tearDown" time="0.009">
    <failure type="org.openqa.selenium.remote.http.ConnectionFailedException" message="Unable to establish websocket connection to http://127.0.0.1:52407/devtools/browser/cd9034a0-6bd3-4e79-a269-91d2fec1ac79
Build info: version: &amp;apos;4.1.1&amp;apos;, revision: &amp;apos;e8fcc2cecf&amp;apos;
System info: host: &amp;apos;BELONGS-TO-A-GE&amp;apos;, ip: &amp;apos;192.168.1.55&amp;apos;, os.name: &amp;apos;Windows 11&amp;apos;, os.arch: &amp;apos;amd64&amp;apos;, os.version: &amp;apos;10.0&amp;apos;, java.version: &amp;apos;19&amp;apos;
Driver info: driver.version: RemoteWebDriver">
      <![CDATA[org.openqa.selenium.remote.http.ConnectionFailedException: Unable to establish websocket connection to http://127.0.0.1:52407/devtools/browser/cd9034a0-6bd3-4e79-a269-91d2fec1ac79
Build info: version: '4.1.1', revision: 'e8fcc2cecf'
System info: host: 'BELONGS-TO-A-GE', ip: '192.168.1.55', os.name: 'Windows 11', os.arch: 'amd64', os.version: '10.0', java.version: '19'
Driver info: driver.version: RemoteWebDriver
at org.openqa.selenium.remote.http.netty.NettyWebSocket.<init>(NettyWebSocket.java:104)
at org.openqa.selenium.remote.http.netty.NettyWebSocket.lambda$create$3(NettyWebSocket.java:137)
at org.openqa.selenium.remote.http.netty.NettyClient.openSocket(NettyClient.java:118)
at org.openqa.selenium.devtools.Connection.<init>(Connection.java:77)
at org.openqa.selenium.firefox.FirefoxDriver.maybeGetDevTools(FirefoxDriver.java:366)
at org.openqa.selenium.remote.RemoteWebDriver.close(RemoteWebDriver.java:425)
at com.BStore.testcases.BaseClass.tearDown(BaseClass.java:112)
at java.base/java.util.ArrayList.forEach(ArrayList.java:1511)
at java.base/java.util.concurrent.FutureTask.run(FutureTask.java:317)
at java.base/java.util.concurrent.ThreadPoolExecutor.runWorker(ThreadPoolExecutor.java:1144)
at java.base/java.util.concurrent.ThreadPoolExecutor$Worker.run(ThreadPoolExecutor.java:642)
at java.base/java.lang.Thread.run(Thread.java:1589)
... Removed 14 stack frames]]>
    </failure>
  </testcase> <!-- @AfterClass tearDown -->
  <testcase classname="com.BStore.testcases.TC_VerifySignupAndLoginTest" name="Verifylogin" time="7.506"/>
  <testcase classname="com.BStore.testcases.TC_VerifyOrderAllTypeGadgets" name="orderPhones" time="17.875"/>
  <testcase classname="com.BStore.testcases.TC_VerifyLoginDataDriven" name="Verifylogin_DataDriven" time="10.903"/>
  <testcase classname="com.BStore.testcases.TC_VerifyLoginDataDriven" name="Verifylogin_DataDriven" time="10.987"/>
  <testcase classname="com.BStore.testcases.TC_VerifyLoginDataDriven" name="Verifylogin_DataDriven" time="10.729"/>
  <testcase classname="com.BStore.testcases.TC_VerifyLoginDataDriven" name="Verifylogin_DataDriven" time="10.841"/>
  <testcase classname="com.BStore.testcases.TC_VerifyLoginDataDriven" name="Verifylogin_DataDriven" time="10.917"/>
  <testcase classname="com.BStore.testcases.TC_VerifyLoginDataDriven" name="Verifylogin_DataDriven" time="10.705"/>
  <testcase classname="com.BStore.testcases.TC_VerifyLoginDataDriven" name="Verifylogin_DataDriven" time="10.677"/>
  <testcase classname="com.BStore.testcases.TC_VerifyLoginDataDriven" name="Verifylogin_DataDriven" time="10.744"/>
  <testcase classname="com.BStore.testcases.TC_VerifyLoginDataDriven" name="Verifylogin_DataDriven" time="10.645"/>
  <testcase classname="com.BStore.testcases.TC_VerifyLoginDataDriven" name="Verifylogin_DataDriven" time="10.684"/>
  <testcase classname="com.BStore.testcases.TC_VerifySignupAndLoginTest" name="verifySignup" time="0.0">
    <ignored/>
  </testcase> <!-- verifySignup -->
  <testcase classname="com.BStore.testcases.TC_VerifySignupDataDriven" name="verifySignup_DataDriven" time="0.0">
    <ignored/>
  </testcase> <!-- verifySignup_DataDriven -->
</testsuite> <!-- Test2 -->
